Using pre-set license
Built from '2020.3/staging' branch; Version is '2020.3.11f1 (99c7afb366b3) revision 10078127'; Using compiler version '192528614'; Build Type 'Release'
OS: 'Windows 10 Pro; OS build 19041.1348; Version 2004; 64bit' Language: 'es' Physical Memory: 16332 MB
BatchMode: 1, IsHumanControllingUs: 0, StartBugReporterOnCrash: 0, Is64bit: 1, IsPro: 0

 COMMAND LINE ARGUMENTS:
C:\Program Files\Unity\Hub\Editor\2020.3.11f1\Editor\Unity.exe
-adb2
-batchMode
-noUpm
-name
AssetImportWorker0
-projectPath
C:/Users/Rubén/Documents/GitHub/CyberNinja/CyberNinja
-logFile
Logs/AssetImportWorker0.log
-srvPort
59918
Successfully changed project path to: C:/Users/Rubén/Documents/GitHub/CyberNinja/CyberNinja
C:/Users/Rubén/Documents/GitHub/CyberNinja/CyberNinja
Using Asset Import Pipeline V2.
Refreshing native plugins compatible for Editor in 166.57 ms, found 2 plugins.
Preloading 0 native plugins for Editor in 0.00 ms.
Initialize engine version: 2020.3.11f1 (99c7afb366b3)
[Subsystems] Discovering subsystems at path C:/Program Files/Unity/Hub/Editor/2020.3.11f1/Editor/Data/Resources/UnitySubsystems
[Subsystems] Discovering subsystems at path C:/Users/Rubén/Documents/GitHub/CyberNinja/CyberNinja/Assets
GfxDevice: creating device client; threaded=0
Direct3D:
    Version:  Direct3D 11.0 [level 11.1]
    Renderer: Radeon RX 580 Series (ID=0x67df)
    Vendor:   
    VRAM:     8171 MB
    Driver:   30.0.13031.1001
Initialize mono
Mono path[0] = 'C:/Program Files/Unity/Hub/Editor/2020.3.11f1/Editor/Data/Managed'
Mono path[1] = 'C:/Program Files/Unity/Hub/Editor/2020.3.11f1/Editor/Data/MonoBleedingEdge/lib/mono/unityjit'
Mono config path = 'C:/Program Files/Unity/Hub/Editor/2020.3.11f1/Editor/Data/MonoBleedingEdge/etc'
Using monoOptions --debugger-agent=transport=dt_socket,embedding=1,server=y,suspend=n,address=127.0.0.1:56524
Begin MonoManager ReloadAssembly
Registering precompiled unity dll's ...
Register platform support module: C:/Program Files/Unity/Hub/Editor/2020.3.11f1/Editor/Data/PlaybackEngines/WebGLSupport/UnityEditor.WebGL.Extensions.dll
Register platform support module: C:/Program Files/Unity/Hub/Editor/2020.3.11f1/Editor/Data/PlaybackEngines/WindowsStandaloneSupport/UnityEditor.WindowsStandalone.Extensions.dll
Registered in 0.003174 seconds.
Native extension for WindowsStandalone target not found
Native extension for WebGL target not found
Refreshing native plugins compatible for Editor in 196.63 ms, found 2 plugins.
Preloading 0 native plugins for Editor in 0.00 ms.
Mono: successfully reloaded assembly
- Completed reload, in  2.566 seconds
Platform modules already initialized, skipping
Registering precompiled user dll's ...
Registered in 0.004809 seconds.
Begin MonoManager ReloadAssembly
Native extension for WindowsStandalone target not found
Native extension for WebGL target not found
Refreshing native plugins compatible for Editor in 136.32 ms, found 2 plugins.
Preloading 0 native plugins for Editor in 0.00 ms.
Mono: successfully reloaded assembly
- Completed reload, in  2.334 seconds
Platform modules already initialized, skipping
========================================================================
Worker process is ready to serve import requests
Launched and connected shader compiler UnityShaderCompiler.exe after 0.05 seconds
Refreshing native plugins compatible for Editor in 0.86 ms, found 2 plugins.
Preloading 0 native plugins for Editor in 0.00 ms.
Unloading 3184 Unused Serialized files (Serialized files now loaded: 0)
System memory in use before: 138.3 MB.
System memory in use after: 138.5 MB.

Unloading 20 unused Assets to reduce memory usage. Loaded Objects now: 3619.
Total: 5.352700 ms (FindLiveObjects: 0.490000 ms CreateObjectMapping: 0.119300 ms MarkObjects: 4.628100 ms  DeleteObjects: 0.113500 ms)

========================================================================
Received Import Request.
  path: Assets
  artifactKey: Guid(00000000000000001000000000000000) Importer(815301076,1909f56bfc062723c751e8b465ee728b)
Start importing Assets using Guid(00000000000000001000000000000000) Importer(815301076,1909f56bfc062723c751e8b465ee728b)  -> (artifact id: '42d402b061de3733987d63b9cc3b64de') in 0.015984 seconds
  Import took 0.024105 seconds .

========================================================================
Received Import Request.
  Time since last request: 0.260464 seconds.
  path: Assets/Top Secret
  artifactKey: Guid(84c49c867aebdc440ad9ce0c0e63bc70) Importer(815301076,1909f56bfc062723c751e8b465ee728b)
Start importing Assets/Top Secret using Guid(84c49c867aebdc440ad9ce0c0e63bc70) Importer(815301076,1909f56bfc062723c751e8b465ee728b)  -> (artifact id: 'aadb1dd5437b63000015349311be9863') in 0.004830 seconds
  Import took 0.013386 seconds .

========================================================================
Received Import Request.
  Time since last request: 12.366069 seconds.
  path: Assets/Top Secret/Mando.inputactions
  artifactKey: Guid(ec53f4bd1032a724f8b3a140096653ef) Importer(815301076,1909f56bfc062723c751e8b465ee728b)
Start importing Assets/Top Secret/Mando.inputactions using Guid(ec53f4bd1032a724f8b3a140096653ef) Importer(815301076,1909f56bfc062723c751e8b465ee728b)  -> (artifact id: 'ce5beddcb61950867fc05629d35d1278') in 0.049407 seconds
  Import took 0.061516 seconds .

AssetImportWorkerClient::OnTransportError - code=2 error=End of file
