Using pre-set license
Built from '2020.3/staging' branch; Version is '2020.3.11f1 (99c7afb366b3) revision 10078127'; Using compiler version '192528614'; Build Type 'Release'
OS: 'Windows 10 Pro; OS build 19041.1415; Version 2004; 64bit' Language: 'es' Physical Memory: 16332 MB
BatchMode: 1, IsHumanControllingUs: 0, StartBugReporterOnCrash: 0, Is64bit: 1, IsPro: 0

 COMMAND LINE ARGUMENTS:
C:\Program Files\Unity\Hub\Editor\2020.3.11f1\Editor\Unity.exe
-adb2
-batchMode
-noUpm
-name
AssetImportWorker0
-projectPath
C:/Users/Rubén/Documents/GitHub/CyberNinja/CyberNinja
-logFile
Logs/AssetImportWorker0.log
-srvPort
63821
Successfully changed project path to: C:/Users/Rubén/Documents/GitHub/CyberNinja/CyberNinja
C:/Users/Rubén/Documents/GitHub/CyberNinja/CyberNinja
Using Asset Import Pipeline V2.
Refreshing native plugins compatible for Editor in 92.40 ms, found 2 plugins.
Preloading 0 native plugins for Editor in 0.00 ms.
Initialize engine version: 2020.3.11f1 (99c7afb366b3)
[Subsystems] Discovering subsystems at path C:/Program Files/Unity/Hub/Editor/2020.3.11f1/Editor/Data/Resources/UnitySubsystems
[Subsystems] Discovering subsystems at path C:/Users/Rubén/Documents/GitHub/CyberNinja/CyberNinja/Assets
GfxDevice: creating device client; threaded=0
Direct3D:
    Version:  Direct3D 11.0 [level 11.1]
    Renderer: Radeon RX 580 Series (ID=0x67df)
    Vendor:   
    VRAM:     8171 MB
    Driver:   30.0.14011.3017
Initialize mono
Mono path[0] = 'C:/Program Files/Unity/Hub/Editor/2020.3.11f1/Editor/Data/Managed'
Mono path[1] = 'C:/Program Files/Unity/Hub/Editor/2020.3.11f1/Editor/Data/MonoBleedingEdge/lib/mono/unityjit'
Mono config path = 'C:/Program Files/Unity/Hub/Editor/2020.3.11f1/Editor/Data/MonoBleedingEdge/etc'
Using monoOptions --debugger-agent=transport=dt_socket,embedding=1,server=y,suspend=n,address=127.0.0.1:56408
Begin MonoManager ReloadAssembly
Registering precompiled unity dll's ...
Register platform support module: C:/Program Files/Unity/Hub/Editor/2020.3.11f1/Editor/Data/PlaybackEngines/WebGLSupport/UnityEditor.WebGL.Extensions.dll
Register platform support module: C:/Program Files/Unity/Hub/Editor/2020.3.11f1/Editor/Data/PlaybackEngines/WindowsStandaloneSupport/UnityEditor.WindowsStandalone.Extensions.dll
Registered in 0.003978 seconds.
Native extension for WindowsStandalone target not found
Native extension for WebGL target not found
Refreshing native plugins compatible for Editor in 106.15 ms, found 2 plugins.
Preloading 0 native plugins for Editor in 0.00 ms.
Mono: successfully reloaded assembly
- Completed reload, in  3.532 seconds
Platform modules already initialized, skipping
Registering precompiled user dll's ...
Registered in 0.010784 seconds.
Begin MonoManager ReloadAssembly
Native extension for WindowsStandalone target not found
Native extension for WebGL target not found
Refreshing native plugins compatible for Editor in 192.10 ms, found 2 plugins.
Preloading 0 native plugins for Editor in 0.00 ms.
Mono: successfully reloaded assembly
- Completed reload, in  3.366 seconds
Platform modules already initialized, skipping
========================================================================
Worker process is ready to serve import requests
Launched and connected shader compiler UnityShaderCompiler.exe after 0.07 seconds
Refreshing native plugins compatible for Editor in 1.10 ms, found 2 plugins.
Preloading 0 native plugins for Editor in 0.00 ms.
Unloading 3029 Unused Serialized files (Serialized files now loaded: 0)
System memory in use before: 147.0 MB.
System memory in use after: 147.2 MB.

Unloading 21 unused Assets to reduce memory usage. Loaded Objects now: 3465.
Total: 4.001500 ms (FindLiveObjects: 0.440300 ms CreateObjectMapping: 0.111600 ms MarkObjects: 3.315900 ms  DeleteObjects: 0.132000 ms)

========================================================================
Received Import Request.
  path: Assets/Scripts/NinjaController.cs
  artifactKey: Guid(f07e4dee94581b841b3b1b16b143dede) Importer(815301076,1909f56bfc062723c751e8b465ee728b)
Start importing Assets/Scripts/NinjaController.cs using Guid(f07e4dee94581b841b3b1b16b143dede) Importer(815301076,1909f56bfc062723c751e8b465ee728b)  -> (artifact id: '5ebbd59be19df4f4868d517b3b0526e6') in 0.045153 seconds
  Import took 0.055581 seconds .

========================================================================
Received Import Request.
  Time since last request: 403.950595 seconds.
  path: Assets/Scripts/NinjaController.cs
  artifactKey: Guid(f07e4dee94581b841b3b1b16b143dede) Importer(815301076,1909f56bfc062723c751e8b465ee728b)
Start importing Assets/Scripts/NinjaController.cs using Guid(f07e4dee94581b841b3b1b16b143dede) Importer(815301076,1909f56bfc062723c751e8b465ee728b)  -> (artifact id: '1818234be1842a4dc7c2a2815f0459f9') in 0.068211 seconds
  Import took 0.103374 seconds .

========================================================================
Received Prepare
Registering precompiled user dll's ...
Registered in 0.163205 seconds.
Begin MonoManager ReloadAssembly
Native extension for WindowsStandalone target not found
Native extension for WebGL target not found
Refreshing native plugins compatible for Editor in 1.05 ms, found 2 plugins.
Preloading 0 native plugins for Editor in 0.00 ms.
Mono: successfully reloaded assembly
- Completed reload, in  2.259 seconds
Platform modules already initialized, skipping
Refreshing native plugins compatible for Editor in 1.03 ms, found 2 plugins.
Preloading 0 native plugins for Editor in 0.00 ms.
Unloading 2900 Unused Serialized files (Serialized files now loaded: 0)
System memory in use before: 138.0 MB.
System memory in use after: 138.3 MB.

Unloading 16 unused Assets to reduce memory usage. Loaded Objects now: 3467.
Total: 3.692700 ms (FindLiveObjects: 0.439800 ms CreateObjectMapping: 0.105100 ms MarkObjects: 3.115700 ms  DeleteObjects: 0.030400 ms)

AssetImportWorkerClient::OnTransportError - code=2 error=End of file
